<?xml version="1.0" encoding="UTF-8"?>
<testng-results ignored="0" total="1" passed="1" failed="0" skipped="0">
  <reporter-output>
  </reporter-output>
  <suite started-at="2025-08-04T18:56:12 IST" name="PetSuite" finished-at="2025-08-04T18:56:18 IST" duration-ms="5904">
    <groups>
    </groups>
    <test started-at="2025-08-04T18:56:12 IST" name="PetTest" finished-at="2025-08-04T18:56:18 IST" duration-ms="5904">
      <class name="api.test.UserTests2">
        <test-method is-config="true" signature="setup()[pri:0, instance:api.test.UserTests2@38d8f54a]" started-at="2025-08-04T18:56:12 IST" name="setup" finished-at="2025-08-04T18:56:13 IST" duration-ms="941" status="PASS">
          <reporter-output>
          </reporter-output>
        </test-method> <!-- setup -->
        <test-method signature="testPostUser()[pri:1, instance:api.test.UserTests2@38d8f54a]" started-at="2025-08-04T18:56:13 IST" name="testPostUser" finished-at="2025-08-04T18:56:18 IST" duration-ms="4640" status="PASS">
          <reporter-output>
          </reporter-output>
        </test-method> <!-- testPostUser -->
      </class> <!-- api.test.UserTests2 -->
    </test> <!-- PetTest -->
  </suite> <!-- PetSuite -->
</testng-results>
